<?xml version="1.0" encoding="UTF-8"?>
<testng-results skipped="0" failed="0" ignored="0" total="1" passed="1">
  <reporter-output>
  </reporter-output>
  <suite name="Default suite" duration-ms="45799" started-at="2019-08-17T16:38:15Z" finished-at="2019-08-17T16:39:00Z">
    <groups>
    </groups>
    <test name="Default test" duration-ms="45799" started-at="2019-08-17T16:38:15Z" finished-at="2019-08-17T16:39:00Z">
      <class name="tests.snow.web.TC001_ViewIncident">
        <test-method status="PASS" signature="beforeSuite()[pri:0, instance:tests.snow.web.TC001_ViewIncident@282308c3]" name="beforeSuite" is-config="true" duration-ms="41" started-at="2019-08-17T16:38:15Z" finished-at="2019-08-17T16:38:15Z">
          <reporter-output>
          </reporter-output>
        </test-method> <!-- beforeSuite -->
        <test-method status="PASS" signature="setup()[pri:0, instance:tests.snow.web.TC001_ViewIncident@282308c3]" name="setup" is-config="true" duration-ms="0" started-at="2019-08-17T16:38:15Z" finished-at="2019-08-17T16:38:15Z">
          <reporter-output>
          </reporter-output>
        </test-method> <!-- setup -->
        <test-method status="PASS" signature="beforeMethod()[pri:0, instance:tests.snow.web.TC001_ViewIncident@282308c3]" name="beforeMethod" is-config="true" duration-ms="15647" started-at="2019-08-17T16:38:16Z" finished-at="2019-08-17T16:38:31Z">
          <reporter-output>
          </reporter-output>
        </test-method> <!-- beforeMethod -->
        <test-method status="PASS" signature="viewIncident(java.lang.String, java.lang.String, java.lang.String)[pri:0, instance:tests.snow.web.TC001_ViewIncident@282308c3]" name="viewIncident" duration-ms="29094" started-at="2019-08-17T16:38:31Z" data-provider="ExcelData" finished-at="2019-08-17T16:39:00Z">
          <params>
            <param index="0">
              <value>
                <![CDATA[admin]]>
              </value>
            </param>
            <param index="1">
              <value>
                <![CDATA[ErMiWa0E0mlP]]>
              </value>
            </param>
            <param index="2">
              <value>
                <![CDATA[Incident]]>
              </value>
            </param>
          </params>
          <reporter-output>
          </reporter-output>
        </test-method> <!-- viewIncident -->
        <test-method status="PASS" signature="afterMethod()[pri:0, instance:tests.snow.web.TC001_ViewIncident@282308c3]" name="afterMethod" is-config="true" duration-ms="1" started-at="2019-08-17T16:39:00Z" finished-at="2019-08-17T16:39:00Z">
          <reporter-output>
          </reporter-output>
        </test-method> <!-- afterMethod -->
        <test-method status="PASS" signature="afterSuite()[pri:0, instance:tests.snow.web.TC001_ViewIncident@282308c3]" name="afterSuite" is-config="true" duration-ms="1" started-at="2019-08-17T16:39:00Z" finished-at="2019-08-17T16:39:00Z">
          <reporter-output>
          </reporter-output>
        </test-method> <!-- afterSuite -->
      </class> <!-- tests.snow.web.TC001_ViewIncident -->
    </test> <!-- Default test -->
  </suite> <!-- Default suite -->
</testng-results>
